\BOOKMARK [1][-]{section*.2}{Acknowledgments}{}% 1
\BOOKMARK [1][-]{section*.3}{Resumo}{}% 2
\BOOKMARK [1][-]{section*.4}{Abstract}{}% 3
\BOOKMARK [1][-]{section*.6}{List of Tables}{}% 4
\BOOKMARK [1][-]{section*.8}{List of Figures}{}% 5
\BOOKMARK [1][-]{chapter*.10}{List of Acronyms}{}% 6
\BOOKMARK [1][-]{section*.11}{Glossary}{}% 7
\BOOKMARK [0][-]{chapter.1}{1 Introduction}{}% 8
\BOOKMARK [1][-]{section.1.1}{1.1 Problem}{chapter.1}% 9
\BOOKMARK [1][-]{section.1.2}{1.2 Solution}{chapter.1}% 10
\BOOKMARK [1][-]{section.1.3}{1.3 Report Outline}{chapter.1}% 11
\BOOKMARK [0][-]{chapter.2}{2 Deep Neural Networks}{}% 12
\BOOKMARK [1][-]{section.2.1}{2.1 Convolutional Neural Networks}{chapter.2}% 13
\BOOKMARK [2][-]{subsection.2.1.1}{2.1.1 Architecture Overview}{section.2.1}% 14
\BOOKMARK [1][-]{section.2.2}{2.2 Frameworks for Neural Networks}{chapter.2}% 15
\BOOKMARK [2][-]{subsection.2.2.1}{2.2.1 Darknet}{section.2.2}% 16
\BOOKMARK [2][-]{subsection.2.2.2}{2.2.2 Caffe}{section.2.2}% 17
\BOOKMARK [0][-]{chapter.3}{3 Deep Versat}{}% 18
\BOOKMARK [1][-]{section.3.1}{3.1 Versat Architecture}{chapter.3}% 19
\BOOKMARK [2][-]{subsection.3.1.1}{3.1.1 Data Engine}{section.3.1}% 20
\BOOKMARK [2][-]{subsection.3.1.2}{3.1.2 Configuration Module}{section.3.1}% 21
\BOOKMARK [1][-]{section.3.2}{3.2 Deep Versat Architecture}{chapter.3}% 22
\BOOKMARK [2][-]{subsection.3.2.1}{3.2.1 Deep Versat System}{section.3.2}% 23
\BOOKMARK [0][-]{chapter.4}{4 CNN Compiling in FPGAs}{}% 24
\BOOKMARK [1][-]{section.4.1}{4.1 Toolflows for Mapping CNNs in FPGAs}{chapter.4}% 25
\BOOKMARK [2][-]{subsection.4.1.1}{4.1.1 Supported Neural Network Models}{section.4.1}% 26
\BOOKMARK [2][-]{subsection.4.1.2}{4.1.2 Architecture \046 Portability}{section.4.1}% 27
\BOOKMARK [0][-]{chapter.5}{5 Darknet Lite}{}% 28
\BOOKMARK [1][-]{section.5.1}{5.1 Porting Darknet to an embedded CPU}{chapter.5}% 29
\BOOKMARK [1][-]{section.5.2}{5.2 Conversion of Caffe to CFG}{chapter.5}% 30
\BOOKMARK [1][-]{section.5.3}{5.3 Parsing CFG Files into the program}{chapter.5}% 31
\BOOKMARK [0][-]{chapter.6}{6 Deep Versat Software Simulator}{}% 32
\BOOKMARK [1][-]{section.6.1}{6.1 Architecture and Object Relation}{chapter.6}% 33
\BOOKMARK [1][-]{section.6.2}{6.2 Software API}{chapter.6}% 34
\BOOKMARK [1][-]{section.6.3}{6.3 Simulation}{chapter.6}% 35
\BOOKMARK [0][-]{chapter.7}{7 Improving the Versat API}{}% 36
\BOOKMARK [1][-]{section.7.1}{7.1 Software Layers}{chapter.7}% 37
\BOOKMARK [1][-]{section.7.2}{7.2 Generic Convolution API}{chapter.7}% 38
\BOOKMARK [2][-]{subsection.7.2.1}{7.2.1 Hardware Configurations}{section.7.2}% 39
\BOOKMARK [2][-]{subsection.7.2.2}{7.2.2 Abstracting Versat Configuration}{section.7.2}% 40
\BOOKMARK [2][-]{subsection.7.2.3}{7.2.3 Convolution Scenarios}{section.7.2}% 41
\BOOKMARK [0][-]{chapter.8}{8 Conclusions}{}% 42
\BOOKMARK [1][-]{section.8.1}{8.1 Achievements}{chapter.8}% 43
\BOOKMARK [1][-]{section.8.2}{8.2 Future Work}{chapter.8}% 44
\BOOKMARK [0][-]{section*.18}{Bibliography}{}% 45
